# JRE version: Java(TM) SE Runtime Environment (8.0_171-b11) (build 1.8.0_171-b11)
# Java VM: Java HotSpot(TM) 64-Bit Server VM (25.171-b11 mixed mode windows-amd64 compressed oops)
Heap:
 PSYoungGen      total 196096K, used 80859K [0x000000076b500000, 0x000000077c800000, 0x00000007c0000000)
  eden space 163328K, 29% used [0x000000076b500000,0x000000076e3f9cc8,0x0000000775480000)
  from space 32768K, 99% used [0x0000000775480000,0x000000077747d0f8,0x0000000777480000)
  to   space 37376K, 0% used [0x000000077a380000,0x000000077a380000,0x000000077c800000)
 ParOldGen       total 135168K, used 48452K [0x00000006c1e00000, 0x00000006ca200000, 0x000000076b500000)
  object space 135168K, 35% used [0x00000006c1e00000,0x00000006c4d512e8,0x00000006ca200000)
 Metaspace       used 32147K, capacity 33314K, committed 33536K, reserved 1079296K
  class space    used 3644K, capacity 3999K, committed 4096K, reserved 1048576K
GC Heap History (10 events):
Event: 10.054 GC heap before
{Heap before GC invocations=8 (full 1):
 PSYoungGen      total 110592K, used 110565K [0x000000076b500000, 0x0000000775900000, 0x00000007c0000000)
  eden space 92160K, 100% used [0x000000076b500000,0x0000000770f00000,0x0000000770f00000)
  from space 18432K, 99% used [0x0000000774700000,0x00000007758f9428,0x0000000775900000)
  to   space 22016K, 0% used [0x0000000772e00000,0x0000000772e00000,0x0000000774380000)
 ParOldGen       total 135168K, used 25498K [0x00000006c1e00000, 0x00000006ca200000, 0x000000076b500000)
  object space 135168K, 18% used [0x00000006c1e00000,0x00000006c36e6878,0x00000006ca200000)
 Metaspace       used 26200K, capacity 27058K, committed 27264K, reserved 1073152K
  class space    used 2984K, capacity 3188K, committed 3200K, reserved 1048576K
Event: 10.079 GC heap after
Heap after GC invocations=8 (full 1):
 PSYoungGen      total 145920K, used 21992K [0x000000076b500000, 0x0000000776600000, 0x00000007c0000000)
  eden space 123904K, 0% used [0x000000076b500000,0x000000076b500000,0x0000000772e00000)
  from space 22016K, 99% used [0x0000000772e00000,0x000000077437a280,0x0000000774380000)
  to   space 25600K, 0% used [0x0000000774d00000,0x0000000774d00000,0x0000000776600000)
 ParOldGen       total 135168K, used 27963K [0x00000006c1e00000, 0x00000006ca200000, 0x000000076b500000)
  object space 135168K, 20% used [0x00000006c1e00000,0x00000006c394ef68,0x00000006ca200000)
 Metaspace       used 26200K, capacity 27058K, committed 27264K, reserved 1073152K
  class space    used 2984K, capacity 3188K, committed 3200K, reserved 1048576K
}
Event: 10.618 GC heap before
{Heap before GC invocations=9 (full 1):
 PSYoungGen      total 145920K, used 145896K [0x000000076b500000, 0x0000000776600000, 0x00000007c0000000)
  eden space 123904K, 100% used [0x000000076b500000,0x0000000772e00000,0x0000000772e00000)
  from space 22016K, 99% used [0x0000000772e00000,0x000000077437a280,0x0000000774380000)
  to   space 25600K, 0% used [0x0000000774d00000,0x0000000774d00000,0x0000000776600000)
 ParOldGen       total 135168K, used 27963K [0x00000006c1e00000, 0x00000006ca200000, 0x000000076b500000)
  object space 135168K, 20% used [0x00000006c1e00000,0x00000006c394ef68,0x00000006ca200000)
 Metaspace       used 26735K, capacity 27636K, committed 27904K, reserved 1073152K
  class space    used 3043K, capacity 3311K, committed 3328K, reserved 1048576K
Event: 10.631 GC heap after
Heap after GC invocations=9 (full 1):
 PSYoungGen      total 152576K, used 25468K [0x000000076b500000, 0x0000000779d00000, 0x00000007c0000000)
  eden space 126976K, 0% used [0x000000076b500000,0x000000076b500000,0x0000000773100000)
  from space 25600K, 99% used [0x0000000774d00000,0x00000007765df3a0,0x0000000776600000)
  to   space 28672K, 0% used [0x0000000773100000,0x0000000773100000,0x0000000774d00000)
 ParOldGen       total 135168K, used 27971K [0x00000006c1e00000, 0x00000006ca200000, 0x000000076b500000)
  object space 135168K, 20% used [0x00000006c1e00000,0x00000006c3950f68,0x00000006ca200000)
 Metaspace       used 26735K, capacity 27636K, committed 27904K, reserved 1073152K
  class space    used 3043K, capacity 3311K, committed 3328K, reserved 1048576K
}
Event: 11.409 GC heap before
{Heap before GC invocations=10 (full 1):
 PSYoungGen      total 152576K, used 152444K [0x000000076b500000, 0x0000000779d00000, 0x00000007c0000000)
  eden space 126976K, 100% used [0x000000076b500000,0x0000000773100000,0x0000000773100000)
  from space 25600K, 99% used [0x0000000774d00000,0x00000007765df3a0,0x0000000776600000)
  to   space 28672K, 0% used [0x0000000773100000,0x0000000773100000,0x0000000774d00000)
 ParOldGen       total 135168K, used 27971K [0x00000006c1e00000, 0x00000006ca200000, 0x000000076b500000)
  object space 135168K, 20% used [0x00000006c1e00000,0x00000006c3950f68,0x00000006ca200000)
 Metaspace       used 26935K, capacity 27910K, committed 28160K, reserved 1075200K
  class space    used 3045K, capacity 3314K, committed 3328K, reserved 1048576K
Event: 11.426 GC heap after
Heap after GC invocations=10 (full 1):
 PSYoungGen      total 155648K, used 28643K [0x000000076b500000, 0x0000000779400000, 0x00000007c0000000)
  eden space 126976K, 0% used [0x000000076b500000,0x000000076b500000,0x0000000773100000)
  from space 28672K, 99% used [0x0000000773100000,0x0000000774cf8ed8,0x0000000774d00000)
  to   space 32256K, 0% used [0x0000000777480000,0x0000000777480000,0x0000000779400000)
 ParOldGen       total 135168K, used 29796K [0x00000006c1e00000, 0x00000006ca200000, 0x000000076b500000)
  object space 135168K, 22% used [0x00000006c1e00000,0x00000006c3b190f8,0x00000006ca200000)
 Metaspace       used 26935K, capacity 27910K, committed 28160K, reserved 1075200K
  class space    used 3045K, capacity 3314K, committed 3328K, reserved 1048576K
}
Event: 12.679 GC heap before
{Heap before GC invocations=11 (full 1):
 PSYoungGen      total 155648K, used 155619K [0x000000076b500000, 0x0000000779400000, 0x00000007c0000000)
  eden space 126976K, 100% used [0x000000076b500000,0x0000000773100000,0x0000000773100000)
  from space 28672K, 99% used [0x0000000773100000,0x0000000774cf8ed8,0x0000000774d00000)
  to   space 32256K, 0% used [0x0000000777480000,0x0000000777480000,0x0000000779400000)
 ParOldGen       total 135168K, used 29796K [0x00000006c1e00000, 0x00000006ca200000, 0x000000076b500000)
  object space 135168K, 22% used [0x00000006c1e00000,0x00000006c3b190f8,0x00000006ca200000)
 Metaspace       used 27354K, capacity 28344K, committed 28544K, reserved 1075200K
  class space    used 3095K, capacity 3351K, committed 3456K, reserved 1048576K
Event: 12.699 GC heap after
Heap after GC invocations=11 (full 1):
 PSYoungGen      total 195584K, used 23568K [0x000000076b500000, 0x0000000779480000, 0x00000007c0000000)
  eden space 163328K, 0% used [0x000000076b500000,0x000000076b500000,0x0000000775480000)
  from space 32256K, 73% used [0x0000000777480000,0x0000000778b843a0,0x0000000779400000)
  to   space 32768K, 0% used [0x0000000775480000,0x0000000775480000,0x0000000777480000)
 ParOldGen       total 135168K, used 45884K [0x00000006c1e00000, 0x00000006ca200000, 0x000000076b500000)
  object space 135168K, 33% used [0x00000006c1e00000,0x00000006c4acf208,0x00000006ca200000)
 Metaspace       used 27354K, capacity 28344K, committed 28544K, reserved 1075200K
  class space    used 3095K, capacity 3351K, committed 3456K, reserved 1048576K
}
Event: 15.410 GC heap before
{Heap before GC invocations=12 (full 1):
 PSYoungGen      total 195584K, used 186896K [0x000000076b500000, 0x0000000779480000, 0x00000007c0000000)
  eden space 163328K, 100% used [0x000000076b500000,0x0000000775480000,0x0000000775480000)
  from space 32256K, 73% used [0x0000000777480000,0x0000000778b843a0,0x0000000779400000)
  to   space 32768K, 0% used [0x0000000775480000,0x0000000775480000,0x0000000777480000)
 ParOldGen       total 135168K, used 45884K [0x00000006c1e00000, 0x00000006ca200000, 0x000000076b500000)
  object space 135168K, 33% used [0x00000006c1e00000,0x00000006c4acf208,0x00000006ca200000)
 Metaspace       used 30537K, capacity 31674K, committed 32000K, reserved 1077248K
  class space    used 3405K, capacity 3729K, committed 3840K, reserved 1048576K
Event: 15.431 GC heap after
Heap after GC invocations=12 (full 1):
 PSYoungGen      total 196096K, used 32756K [0x000000076b500000, 0x000000077c800000, 0x00000007c0000000)
  eden space 163328K, 0% used [0x000000076b500000,0x000000076b500000,0x0000000775480000)
  from space 32768K, 99% used [0x0000000775480000,0x000000077747d0f8,0x0000000777480000)
  to   space 37376K, 0% used [0x000000077a380000,0x000000077a380000,0x000000077c800000)
 ParOldGen       total 135168K, used 48452K [0x00000006c1e00000, 0x00000006ca200000, 0x000000076b500000)
  object space 135168K, 35% used [0x00000006c1e00000,0x00000006c4d512e8,0x00000006ca200000)
 Metaspace       used 30537K, capacity 31674K, committed 32000K, reserved 1077248K
  class space    used 3405K, capacity 3729K, committed 3840K, reserved 1048576K
}

