# JRE version: Java(TM) SE Runtime Environment (8.0_171-b11) (build 1.8.0_171-b11)
# Java VM: Java HotSpot(TM) 64-Bit Server VM (25.171-b11 mixed mode windows-amd64 compressed oops)
Heap:
 PSYoungGen      total 167936K, used 110208K [0x000000076b500000, 0x000000077a780000, 0x00000007c0000000)
  eden space 142336K, 59% used [0x000000076b500000,0x00000007707a6ff0,0x0000000774000000)
  from space 25600K, 99% used [0x0000000775c00000,0x00000007774f9298,0x0000000777500000)
  to   space 28672K, 0% used [0x0000000774000000,0x0000000774000000,0x0000000775c00000)
 ParOldGen       total 131584K, used 28254K [0x00000006c1e00000, 0x00000006c9e80000, 0x000000076b500000)
  object space 131584K, 21% used [0x00000006c1e00000,0x00000006c39979f8,0x00000006c9e80000)
 Metaspace       used 26758K, capacity 27654K, committed 27904K, reserved 1073152K
  class space    used 3042K, capacity 3314K, committed 3328K, reserved 1048576K
GC Heap History (10 events):
Event: 6.706 GC heap before
{Heap before GC invocations=5 (full 0):
 PSYoungGen      total 76288K, used 50020K [0x000000076b500000, 0x0000000770a00000, 0x00000007c0000000)
  eden space 65536K, 59% used [0x000000076b500000,0x000000076db5ad98,0x000000076f500000)
  from space 10752K, 99% used [0x000000076ff80000,0x00000007709fe470,0x0000000770a00000)
  to   space 10752K, 0% used [0x000000076f500000,0x000000076f500000,0x000000076ff80000)
 ParOldGen       total 175104K, used 14434K [0x00000006c1e00000, 0x00000006cc900000, 0x000000076b500000)
  object space 175104K, 8% used [0x00000006c1e00000,0x00000006c2c18a60,0x00000006cc900000)
 Metaspace       used 20711K, capacity 21182K, committed 21248K, reserved 1069056K
  class space    used 2429K, capacity 2556K, committed 2560K, reserved 1048576K
Event: 6.722 GC heap after
Heap after GC invocations=5 (full 0):
 PSYoungGen      total 76288K, used 10751K [0x000000076b500000, 0x0000000775900000, 0x00000007c0000000)
  eden space 65536K, 0% used [0x000000076b500000,0x000000076b500000,0x000000076f500000)
  from space 10752K, 99% used [0x000000076f500000,0x000000076ff7fdb8,0x000000076ff80000)
  to   space 18432K, 0% used [0x0000000774700000,0x0000000774700000,0x0000000775900000)
 ParOldGen       total 175104K, used 16657K [0x00000006c1e00000, 0x00000006cc900000, 0x000000076b500000)
  object space 175104K, 9% used [0x00000006c1e00000,0x00000006c2e44460,0x00000006cc900000)
 Metaspace       used 20711K, capacity 21182K, committed 21248K, reserved 1069056K
  class space    used 2429K, capacity 2556K, committed 2560K, reserved 1048576K
}
Event: 6.722 GC heap before
{Heap before GC invocations=6 (full 1):
 PSYoungGen      total 76288K, used 10751K [0x000000076b500000, 0x0000000775900000, 0x00000007c0000000)
  eden space 65536K, 0% used [0x000000076b500000,0x000000076b500000,0x000000076f500000)
  from space 10752K, 99% used [0x000000076f500000,0x000000076ff7fdb8,0x000000076ff80000)
  to   space 18432K, 0% used [0x0000000774700000,0x0000000774700000,0x0000000775900000)
 ParOldGen       total 175104K, used 16657K [0x00000006c1e00000, 0x00000006cc900000, 0x000000076b500000)
  object space 175104K, 9% used [0x00000006c1e00000,0x00000006c2e44460,0x00000006cc900000)
 Metaspace       used 20711K, capacity 21182K, committed 21248K, reserved 1069056K
  class space    used 2429K, capacity 2556K, committed 2560K, reserved 1048576K
Event: 6.818 GC heap after
Heap after GC invocations=6 (full 1):
 PSYoungGen      total 76288K, used 0K [0x000000076b500000, 0x0000000775900000, 0x00000007c0000000)
  eden space 65536K, 0% used [0x000000076b500000,0x000000076b500000,0x000000076f500000)
  from space 10752K, 0% used [0x000000076f500000,0x000000076f500000,0x000000076ff80000)
  to   space 18432K, 0% used [0x0000000774700000,0x0000000774700000,0x0000000775900000)
 ParOldGen       total 131584K, used 22886K [0x00000006c1e00000, 0x00000006c9e80000, 0x000000076b500000)
  object space 131584K, 17% used [0x00000006c1e00000,0x00000006c3459ba8,0x00000006c9e80000)
 Metaspace       used 20711K, capacity 21182K, committed 21248K, reserved 1069056K
  class space    used 2429K, capacity 2556K, committed 2560K, reserved 1048576K
}
Event: 7.692 GC heap before
{Heap before GC invocations=7 (full 1):
 PSYoungGen      total 76288K, used 65425K [0x000000076b500000, 0x0000000775900000, 0x00000007c0000000)
  eden space 65536K, 99% used [0x000000076b500000,0x000000076f4e47c0,0x000000076f500000)
  from space 10752K, 0% used [0x000000076f500000,0x000000076f500000,0x000000076ff80000)
  to   space 18432K, 0% used [0x0000000774700000,0x0000000774700000,0x0000000775900000)
 ParOldGen       total 131584K, used 22886K [0x00000006c1e00000, 0x00000006c9e80000, 0x000000076b500000)
  object space 131584K, 17% used [0x00000006c1e00000,0x00000006c3459ba8,0x00000006c9e80000)
 Metaspace       used 22891K, capacity 23454K, committed 23552K, reserved 1071104K
  class space    used 2621K, capacity 2780K, committed 2816K, reserved 1048576K
Event: 7.709 GC heap after
Heap after GC invocations=7 (full 1):
 PSYoungGen      total 116224K, used 18410K [0x000000076b500000, 0x0000000775900000, 0x00000007c0000000)
  eden space 97792K, 0% used [0x000000076b500000,0x000000076b500000,0x0000000771480000)
  from space 18432K, 99% used [0x0000000774700000,0x00000007758fa810,0x0000000775900000)
  to   space 22016K, 0% used [0x0000000772e00000,0x0000000772e00000,0x0000000774380000)
 ParOldGen       total 131584K, used 25570K [0x00000006c1e00000, 0x00000006c9e80000, 0x000000076b500000)
  object space 131584K, 19% used [0x00000006c1e00000,0x00000006c36f8b30,0x00000006c9e80000)
 Metaspace       used 22891K, capacity 23454K, committed 23552K, reserved 1071104K
  class space    used 2621K, capacity 2780K, committed 2816K, reserved 1048576K
}
Event: 9.852 GC heap before
{Heap before GC invocations=8 (full 1):
 PSYoungGen      total 116224K, used 116202K [0x000000076b500000, 0x0000000775900000, 0x00000007c0000000)
  eden space 97792K, 100% used [0x000000076b500000,0x0000000771480000,0x0000000771480000)
  from space 18432K, 99% used [0x0000000774700000,0x00000007758fa810,0x0000000775900000)
  to   space 22016K, 0% used [0x0000000772e00000,0x0000000772e00000,0x0000000774380000)
 ParOldGen       total 131584K, used 25570K [0x00000006c1e00000, 0x00000006c9e80000, 0x000000076b500000)
  object space 131584K, 19% used [0x00000006c1e00000,0x00000006c36f8b30,0x00000006c9e80000)
 Metaspace       used 26171K, capacity 26994K, committed 27008K, reserved 1073152K
  class space    used 2981K, capacity 3188K, committed 3200K, reserved 1048576K
Event: 9.880 GC heap after
Heap after GC invocations=8 (full 1):
 PSYoungGen      total 145920K, used 22014K [0x000000076b500000, 0x0000000777500000, 0x00000007c0000000)
  eden space 123904K, 0% used [0x000000076b500000,0x000000076b500000,0x0000000772e00000)
  from space 22016K, 99% used [0x0000000772e00000,0x000000077437f800,0x0000000774380000)
  to   space 25600K, 0% used [0x0000000775c00000,0x0000000775c00000,0x0000000777500000)
 ParOldGen       total 131584K, used 28141K [0x00000006c1e00000, 0x00000006c9e80000, 0x000000076b500000)
  object space 131584K, 21% used [0x00000006c1e00000,0x00000006c397b790,0x00000006c9e80000)
 Metaspace       used 26171K, capacity 26994K, committed 27008K, reserved 1073152K
  class space    used 2981K, capacity 3188K, committed 3200K, reserved 1048576K
}
Event: 10.408 GC heap before
{Heap before GC invocations=9 (full 1):
 PSYoungGen      total 145920K, used 145918K [0x000000076b500000, 0x0000000777500000, 0x00000007c0000000)
  eden space 123904K, 100% used [0x000000076b500000,0x0000000772e00000,0x0000000772e00000)
  from space 22016K, 99% used [0x0000000772e00000,0x000000077437f800,0x0000000774380000)
  to   space 25600K, 0% used [0x0000000775c00000,0x0000000775c00000,0x0000000777500000)
 ParOldGen       total 131584K, used 28141K [0x00000006c1e00000, 0x00000006c9e80000, 0x000000076b500000)
  object space 131584K, 21% used [0x00000006c1e00000,0x00000006c397b790,0x00000006c9e80000)
 Metaspace       used 26696K, capacity 27572K, committed 27648K, reserved 1073152K
  class space    used 3040K, capacity 3311K, committed 3328K, reserved 1048576K
Event: 10.423 GC heap after
Heap after GC invocations=9 (full 1):
 PSYoungGen      total 167936K, used 25572K [0x000000076b500000, 0x000000077a780000, 0x00000007c0000000)
  eden space 142336K, 0% used [0x000000076b500000,0x000000076b500000,0x0000000774000000)
  from space 25600K, 99% used [0x0000000775c00000,0x00000007774f9298,0x0000000777500000)
  to   space 28672K, 0% used [0x0000000774000000,0x0000000774000000,0x0000000775c00000)
 ParOldGen       total 131584K, used 28254K [0x00000006c1e00000, 0x00000006c9e80000, 0x000000076b500000)
  object space 131584K, 21% used [0x00000006c1e00000,0x00000006c39979f8,0x00000006c9e80000)
 Metaspace       used 26696K, capacity 27572K, committed 27648K, reserved 1073152K
  class space    used 3040K, capacity 3311K, committed 3328K, reserved 1048576K
}

