# JRE version: Java(TM) SE Runtime Environment (8.0_171-b11) (build 1.8.0_171-b11)
# Java VM: Java HotSpot(TM) 64-Bit Server VM (25.171-b11 mixed mode windows-amd64 compressed oops)
Heap:
 PSYoungGen      total 326144K, used 238178K [0x000000076b500000, 0x0000000786e80000, 0x00000007c0000000)
  eden space 298496K, 70% used [0x000000076b500000,0x000000077829c5c0,0x000000077d880000)
  from space 27648K, 99% used [0x000000077fb80000,0x000000078167c2e8,0x0000000781680000)
  to   space 35840K, 0% used [0x000000077d880000,0x000000077d880000,0x000000077fb80000)
 ParOldGen       total 128512K, used 44093K [0x00000006c1e00000, 0x00000006c9b80000, 0x000000076b500000)
  object space 128512K, 34% used [0x00000006c1e00000,0x00000006c490f568,0x00000006c9b80000)
 Metaspace       used 31728K, capacity 32770K, committed 33152K, reserved 1079296K
  class space    used 3537K, capacity 3885K, committed 3968K, reserved 1048576K
GC Heap History (10 events):
Event: 9.997 GC heap before
{Heap before GC invocations=5 (full 0):
 PSYoungGen      total 141824K, used 50140K [0x000000076b500000, 0x0000000774a00000, 0x00000007c0000000)
  eden space 131072K, 30% used [0x000000076b500000,0x000000076db78da0,0x0000000773500000)
  from space 10752K, 99% used [0x0000000773f80000,0x00000007749fe470,0x0000000774a00000)
  to   space 10752K, 0% used [0x0000000773500000,0x0000000773500000,0x0000000773f80000)
 ParOldGen       total 175104K, used 14509K [0x00000006c1e00000, 0x00000006cc900000, 0x000000076b500000)
  object space 175104K, 8% used [0x00000006c1e00000,0x00000006c2c2b518,0x00000006cc900000)
 Metaspace       used 20645K, capacity 21178K, committed 21248K, reserved 1069056K
  class space    used 2423K, capacity 2556K, committed 2560K, reserved 1048576K
Event: 10.011 GC heap after
Heap after GC invocations=5 (full 0):
 PSYoungGen      total 141824K, used 10720K [0x000000076b500000, 0x000000077d900000, 0x00000007c0000000)
  eden space 131072K, 0% used [0x000000076b500000,0x000000076b500000,0x0000000773500000)
  from space 10752K, 99% used [0x0000000773500000,0x0000000773f78208,0x0000000773f80000)
  to   space 18432K, 0% used [0x000000077c700000,0x000000077c700000,0x000000077d900000)
 ParOldGen       total 175104K, used 16907K [0x00000006c1e00000, 0x00000006cc900000, 0x000000076b500000)
  object space 175104K, 9% used [0x00000006c1e00000,0x00000006c2e82d00,0x00000006cc900000)
 Metaspace       used 20645K, capacity 21178K, committed 21248K, reserved 1069056K
  class space    used 2423K, capacity 2556K, committed 2560K, reserved 1048576K
}
Event: 10.012 GC heap before
{Heap before GC invocations=6 (full 1):
 PSYoungGen      total 141824K, used 10720K [0x000000076b500000, 0x000000077d900000, 0x00000007c0000000)
  eden space 131072K, 0% used [0x000000076b500000,0x000000076b500000,0x0000000773500000)
  from space 10752K, 99% used [0x0000000773500000,0x0000000773f78208,0x0000000773f80000)
  to   space 18432K, 0% used [0x000000077c700000,0x000000077c700000,0x000000077d900000)
 ParOldGen       total 175104K, used 16907K [0x00000006c1e00000, 0x00000006cc900000, 0x000000076b500000)
  object space 175104K, 9% used [0x00000006c1e00000,0x00000006c2e82d00,0x00000006cc900000)
 Metaspace       used 20645K, capacity 21178K, committed 21248K, reserved 1069056K
  class space    used 2423K, capacity 2556K, committed 2560K, reserved 1048576K
Event: 10.121 GC heap after
Heap after GC invocations=6 (full 1):
 PSYoungGen      total 141824K, used 0K [0x000000076b500000, 0x000000077d900000, 0x00000007c0000000)
  eden space 131072K, 0% used [0x000000076b500000,0x000000076b500000,0x0000000773500000)
  from space 10752K, 0% used [0x0000000773500000,0x0000000773500000,0x0000000773f80000)
  to   space 18432K, 0% used [0x000000077c700000,0x000000077c700000,0x000000077d900000)
 ParOldGen       total 128512K, used 24602K [0x00000006c1e00000, 0x00000006c9b80000, 0x000000076b500000)
  object space 128512K, 19% used [0x00000006c1e00000,0x00000006c3606ab0,0x00000006c9b80000)
 Metaspace       used 20645K, capacity 21178K, committed 21248K, reserved 1069056K
  class space    used 2423K, capacity 2556K, committed 2560K, reserved 1048576K
}
Event: 12.818 GC heap before
{Heap before GC invocations=7 (full 1):
 PSYoungGen      total 141824K, used 131072K [0x000000076b500000, 0x000000077d900000, 0x00000007c0000000)
  eden space 131072K, 100% used [0x000000076b500000,0x0000000773500000,0x0000000773500000)
  from space 10752K, 0% used [0x0000000773500000,0x0000000773500000,0x0000000773f80000)
  to   space 18432K, 0% used [0x000000077c700000,0x000000077c700000,0x000000077d900000)
 ParOldGen       total 128512K, used 24602K [0x00000006c1e00000, 0x00000006c9b80000, 0x000000076b500000)
  object space 128512K, 19% used [0x00000006c1e00000,0x00000006c3606ab0,0x00000006c9b80000)
 Metaspace       used 25405K, capacity 26216K, committed 26496K, reserved 1073152K
  class space    used 2911K, capacity 3123K, committed 3200K, reserved 1048576K
Event: 12.843 GC heap after
Heap after GC invocations=7 (full 1):
 PSYoungGen      total 217600K, used 18401K [0x000000076b500000, 0x000000077d900000, 0x00000007c0000000)
  eden space 199168K, 0% used [0x000000076b500000,0x000000076b500000,0x0000000777780000)
  from space 18432K, 99% used [0x000000077c700000,0x000000077d8f8438,0x000000077d900000)
  to   space 25088K, 0% used [0x000000077a800000,0x000000077a800000,0x000000077c080000)
 ParOldGen       total 128512K, used 32940K [0x00000006c1e00000, 0x00000006c9b80000, 0x000000076b500000)
  object space 128512K, 25% used [0x00000006c1e00000,0x00000006c3e2b230,0x00000006c9b80000)
 Metaspace       used 25405K, capacity 26216K, committed 26496K, reserved 1073152K
  class space    used 2911K, capacity 3123K, committed 3200K, reserved 1048576K
}
Event: 13.673 GC heap before
{Heap before GC invocations=8 (full 1):
 PSYoungGen      total 217600K, used 217569K [0x000000076b500000, 0x000000077d900000, 0x00000007c0000000)
  eden space 199168K, 100% used [0x000000076b500000,0x0000000777780000,0x0000000777780000)
  from space 18432K, 99% used [0x000000077c700000,0x000000077d8f8438,0x000000077d900000)
  to   space 25088K, 0% used [0x000000077a800000,0x000000077a800000,0x000000077c080000)
 ParOldGen       total 128512K, used 32940K [0x00000006c1e00000, 0x00000006c9b80000, 0x000000076b500000)
  object space 128512K, 25% used [0x00000006c1e00000,0x00000006c3e2b230,0x00000006c9b80000)
 Metaspace       used 26745K, capacity 27702K, committed 27904K, reserved 1073152K
  class space    used 3038K, capacity 3312K, committed 3328K, reserved 1048576K
Event: 13.687 GC heap after
Heap after GC invocations=8 (full 1):
 PSYoungGen      total 273920K, used 24205K [0x000000076b500000, 0x0000000781680000, 0x00000007c0000000)
  eden space 248832K, 0% used [0x000000076b500000,0x000000076b500000,0x000000077a800000)
  from space 25088K, 96% used [0x000000077a800000,0x000000077bfa34a8,0x000000077c080000)
  to   space 27648K, 0% used [0x000000077fb80000,0x000000077fb80000,0x0000000781680000)
 ParOldGen       total 128512K, used 32948K [0x00000006c1e00000, 0x00000006c9b80000, 0x000000076b500000)
  object space 128512K, 25% used [0x00000006c1e00000,0x00000006c3e2d230,0x00000006c9b80000)
 Metaspace       used 26745K, capacity 27702K, committed 27904K, reserved 1073152K
  class space    used 3038K, capacity 3312K, committed 3328K, reserved 1048576K
}
Event: 16.228 GC heap before
{Heap before GC invocations=9 (full 1):
 PSYoungGen      total 273920K, used 273037K [0x000000076b500000, 0x0000000781680000, 0x00000007c0000000)
  eden space 248832K, 100% used [0x000000076b500000,0x000000077a800000,0x000000077a800000)
  from space 25088K, 96% used [0x000000077a800000,0x000000077bfa34a8,0x000000077c080000)
  to   space 27648K, 0% used [0x000000077fb80000,0x000000077fb80000,0x0000000781680000)
 ParOldGen       total 128512K, used 32948K [0x00000006c1e00000, 0x00000006c9b80000, 0x000000076b500000)
  object space 128512K, 25% used [0x00000006c1e00000,0x00000006c3e2d230,0x00000006c9b80000)
 Metaspace       used 28495K, capacity 29428K, committed 29568K, reserved 1075200K
  class space    used 3184K, capacity 3415K, committed 3456K, reserved 1048576K
Event: 16.257 GC heap after
Heap after GC invocations=9 (full 1):
 PSYoungGen      total 326144K, used 27632K [0x000000076b500000, 0x0000000786e80000, 0x00000007c0000000)
  eden space 298496K, 0% used [0x000000076b500000,0x000000076b500000,0x000000077d880000)
  from space 27648K, 99% used [0x000000077fb80000,0x000000078167c2e8,0x0000000781680000)
  to   space 35840K, 0% used [0x000000077d880000,0x000000077d880000,0x000000077fb80000)
 ParOldGen       total 128512K, used 44093K [0x00000006c1e00000, 0x00000006c9b80000, 0x000000076b500000)
  object space 128512K, 34% used [0x00000006c1e00000,0x00000006c490f568,0x00000006c9b80000)
 Metaspace       used 28495K, capacity 29428K, committed 29568K, reserved 1075200K
  class space    used 3184K, capacity 3415K, committed 3456K, reserved 1048576K
}

