# JRE version: Java(TM) SE Runtime Environment (8.0_171-b11) (build 1.8.0_171-b11)
# Java VM: Java HotSpot(TM) 64-Bit Server VM (25.171-b11 mixed mode windows-amd64 compressed oops)
Heap:
 PSYoungGen      total 193024K, used 23326K [0x000000076b500000, 0x0000000777f80000, 0x00000007c0000000)
  eden space 180736K, 6% used [0x000000076b500000,0x000000076c0ffa78,0x0000000776580000)
  from space 12288K, 89% used [0x0000000777200000,0x0000000777cc7f38,0x0000000777e00000)
  to   space 12800K, 0% used [0x0000000776580000,0x0000000776580000,0x0000000777200000)
 ParOldGen       total 178688K, used 15658K [0x00000006c1e00000, 0x00000006ccc80000, 0x000000076b500000)
  object space 178688K, 8% used [0x00000006c1e00000,0x00000006c2d4abf8,0x00000006ccc80000)
 Metaspace       used 45548K, capacity 47754K, committed 48088K, reserved 1091584K
  class space    used 5921K, capacity 6333K, committed 6400K, reserved 1048576K
GC Heap History (10 events):
Event: 2.976 GC heap before
{Heap before GC invocations=6 (full 1):
 PSYoungGen      total 99840K, used 96576K [0x000000076b500000, 0x0000000772280000, 0x00000007c0000000)
  eden space 89088K, 100% used [0x000000076b500000,0x0000000770c00000,0x0000000770c00000)
  from space 10752K, 69% used [0x0000000771680000,0x0000000771dd0030,0x0000000772100000)
  to   space 10752K, 0% used [0x0000000770c00000,0x0000000770c00000,0x0000000771680000)
 ParOldGen       total 114688K, used 9969K [0x00000006c1e00000, 0x00000006c8e00000, 0x000000076b500000)
  object space 114688K, 8% used [0x00000006c1e00000,0x00000006c27bc460,0x00000006c8e00000)
 Metaspace       used 28499K, capacity 30086K, committed 30208K, reserved 1075200K
  class space    used 3665K, capacity 3993K, committed 4096K, reserved 1048576K
Event: 2.982 GC heap after
Heap after GC invocations=6 (full 1):
 PSYoungGen      total 99840K, used 6170K [0x000000076b500000, 0x0000000774a80000, 0x00000007c0000000)
  eden space 89088K, 0% used [0x000000076b500000,0x000000076b500000,0x0000000770c00000)
  from space 10752K, 57% used [0x0000000770c00000,0x00000007712068c8,0x0000000771680000)
  to   space 11264K, 0% used [0x0000000773f80000,0x0000000773f80000,0x0000000774a80000)
 ParOldGen       total 114688K, used 9977K [0x00000006c1e00000, 0x00000006c8e00000, 0x000000076b500000)
  object space 114688K, 8% used [0x00000006c1e00000,0x00000006c27be460,0x00000006c8e00000)
 Metaspace       used 28499K, capacity 30086K, committed 30208K, reserved 1075200K
  class space    used 3665K, capacity 3993K, committed 4096K, reserved 1048576K
}
Event: 3.975 GC heap before
{Heap before GC invocations=7 (full 1):
 PSYoungGen      total 99840K, used 78782K [0x000000076b500000, 0x0000000774a80000, 0x00000007c0000000)
  eden space 89088K, 81% used [0x000000076b500000,0x000000076fbe9308,0x0000000770c00000)
  from space 10752K, 57% used [0x0000000770c00000,0x00000007712068c8,0x0000000771680000)
  to   space 11264K, 0% used [0x0000000773f80000,0x0000000773f80000,0x0000000774a80000)
 ParOldGen       total 114688K, used 9977K [0x00000006c1e00000, 0x00000006c8e00000, 0x000000076b500000)
  object space 114688K, 8% used [0x00000006c1e00000,0x00000006c27be460,0x00000006c8e00000)
 Metaspace       used 33552K, capacity 35282K, committed 35416K, reserved 1079296K
  class space    used 4342K, capacity 4663K, committed 4736K, reserved 1048576K
Event: 3.983 GC heap after
Heap after GC invocations=7 (full 1):
 PSYoungGen      total 138752K, used 11154K [0x000000076b500000, 0x0000000774a80000, 0x00000007c0000000)
  eden space 127488K, 0% used [0x000000076b500000,0x000000076b500000,0x0000000773180000)
  from space 11264K, 99% used [0x0000000773f80000,0x0000000774a64ad8,0x0000000774a80000)
  to   space 12800K, 0% used [0x0000000773180000,0x0000000773180000,0x0000000773e00000)
 ParOldGen       total 114688K, used 9985K [0x00000006c1e00000, 0x00000006c8e00000, 0x000000076b500000)
  object space 114688K, 8% used [0x00000006c1e00000,0x00000006c27c0460,0x00000006c8e00000)
 Metaspace       used 33552K, capacity 35282K, committed 35416K, reserved 1079296K
  class space    used 4342K, capacity 4663K, committed 4736K, reserved 1048576K
}
Event: 3.983 GC heap before
{Heap before GC invocations=8 (full 2):
 PSYoungGen      total 138752K, used 11154K [0x000000076b500000, 0x0000000774a80000, 0x00000007c0000000)
  eden space 127488K, 0% used [0x000000076b500000,0x000000076b500000,0x0000000773180000)
  from space 11264K, 99% used [0x0000000773f80000,0x0000000774a64ad8,0x0000000774a80000)
  to   space 12800K, 0% used [0x0000000773180000,0x0000000773180000,0x0000000773e00000)
 ParOldGen       total 114688K, used 9985K [0x00000006c1e00000, 0x00000006c8e00000, 0x000000076b500000)
  object space 114688K, 8% used [0x00000006c1e00000,0x00000006c27c0460,0x00000006c8e00000)
 Metaspace       used 33552K, capacity 35282K, committed 35416K, reserved 1079296K
  class space    used 4342K, capacity 4663K, committed 4736K, reserved 1048576K
Event: 4.022 GC heap after
Heap after GC invocations=8 (full 2):
 PSYoungGen      total 138752K, used 0K [0x000000076b500000, 0x0000000774a80000, 0x00000007c0000000)
  eden space 127488K, 0% used [0x000000076b500000,0x000000076b500000,0x0000000773180000)
  from space 11264K, 0% used [0x0000000773f80000,0x0000000773f80000,0x0000000774a80000)
  to   space 12800K, 0% used [0x0000000773180000,0x0000000773180000,0x0000000773e00000)
 ParOldGen       total 178688K, used 15642K [0x00000006c1e00000, 0x00000006ccc80000, 0x000000076b500000)
  object space 178688K, 8% used [0x00000006c1e00000,0x00000006c2d46bf8,0x00000006ccc80000)
 Metaspace       used 33552K, capacity 35282K, committed 35416K, reserved 1079296K
  class space    used 4342K, capacity 4663K, committed 4736K, reserved 1048576K
}
Event: 5.252 GC heap before
{Heap before GC invocations=9 (full 2):
 PSYoungGen      total 138752K, used 127488K [0x000000076b500000, 0x0000000774a80000, 0x00000007c0000000)
  eden space 127488K, 100% used [0x000000076b500000,0x0000000773180000,0x0000000773180000)
  from space 11264K, 0% used [0x0000000773f80000,0x0000000773f80000,0x0000000774a80000)
  to   space 12800K, 0% used [0x0000000773180000,0x0000000773180000,0x0000000773e00000)
 ParOldGen       total 178688K, used 15642K [0x00000006c1e00000, 0x00000006ccc80000, 0x000000076b500000)
  object space 178688K, 8% used [0x00000006c1e00000,0x00000006c2d46bf8,0x00000006ccc80000)
 Metaspace       used 40511K, capacity 42452K, committed 42712K, reserved 1087488K
  class space    used 5239K, capacity 5574K, committed 5632K, reserved 1048576K
Event: 5.264 GC heap after
Heap after GC invocations=9 (full 2):
 PSYoungGen      total 140288K, used 8322K [0x000000076b500000, 0x0000000777e00000, 0x00000007c0000000)
  eden space 127488K, 0% used [0x000000076b500000,0x000000076b500000,0x0000000773180000)
  from space 12800K, 65% used [0x0000000773180000,0x00000007739a0860,0x0000000773e00000)
  to   space 12288K, 0% used [0x0000000777200000,0x0000000777200000,0x0000000777e00000)
 ParOldGen       total 178688K, used 15650K [0x00000006c1e00000, 0x00000006ccc80000, 0x000000076b500000)
  object space 178688K, 8% used [0x00000006c1e00000,0x00000006c2d48bf8,0x00000006ccc80000)
 Metaspace       used 40511K, capacity 42452K, committed 42712K, reserved 1087488K
  class space    used 5239K, capacity 5574K, committed 5632K, reserved 1048576K
}
Event: 6.090 GC heap before
{Heap before GC invocations=10 (full 2):
 PSYoungGen      total 140288K, used 135810K [0x000000076b500000, 0x0000000777e00000, 0x00000007c0000000)
  eden space 127488K, 100% used [0x000000076b500000,0x0000000773180000,0x0000000773180000)
  from space 12800K, 65% used [0x0000000773180000,0x00000007739a0860,0x0000000773e00000)
  to   space 12288K, 0% used [0x0000000777200000,0x0000000777200000,0x0000000777e00000)
 ParOldGen       total 178688K, used 15650K [0x00000006c1e00000, 0x00000006ccc80000, 0x000000076b500000)
  object space 178688K, 8% used [0x00000006c1e00000,0x00000006c2d48bf8,0x00000006ccc80000)
 Metaspace       used 45225K, capacity 47460K, committed 47576K, reserved 1091584K
  class space    used 5877K, capacity 6300K, committed 6400K, reserved 1048576K
Event: 6.102 GC heap after
Heap after GC invocations=10 (full 2):
 PSYoungGen      total 193024K, used 11039K [0x000000076b500000, 0x0000000777f80000, 0x00000007c0000000)
  eden space 180736K, 0% used [0x000000076b500000,0x000000076b500000,0x0000000776580000)
  from space 12288K, 89% used [0x0000000777200000,0x0000000777cc7f38,0x0000000777e00000)
  to   space 12800K, 0% used [0x0000000776580000,0x0000000776580000,0x0000000777200000)
 ParOldGen       total 178688K, used 15658K [0x00000006c1e00000, 0x00000006ccc80000, 0x000000076b500000)
  object space 178688K, 8% used [0x00000006c1e00000,0x00000006c2d4abf8,0x00000006ccc80000)
 Metaspace       used 45225K, capacity 47460K, committed 47576K, reserved 1091584K
  class space    used 5877K, capacity 6300K, committed 6400K, reserved 1048576K
}

