# JRE version: Java(TM) SE Runtime Environment (8.0_171-b11) (build 1.8.0_171-b11)
# Java VM: Java HotSpot(TM) 64-Bit Server VM (25.171-b11 mixed mode windows-amd64 compressed oops)
Heap:
 PSYoungGen      total 227328K, used 189850K [0x000000076b500000, 0x000000077e880000, 0x00000007c0000000)
  eden space 216576K, 82% used [0x000000076b500000,0x00000007763ed110,0x0000000778880000)
  from space 10752K, 99% used [0x0000000778880000,0x00000007792f9ae0,0x0000000779300000)
  to   space 15360K, 0% used [0x000000077d980000,0x000000077d980000,0x000000077e880000)
 ParOldGen       total 116736K, used 21495K [0x00000006c1e00000, 0x00000006c9000000, 0x000000076b500000)
  object space 116736K, 18% used [0x00000006c1e00000,0x00000006c32fdee8,0x00000006c9000000)
 Metaspace       used 54035K, capacity 57144K, committed 57424K, reserved 1099776K
  class space    used 7152K, capacity 7678K, committed 7760K, reserved 1048576K
GC Heap History (10 events):
Event: 3.149 GC heap before
{Heap before GC invocations=7 (full 1):
 PSYoungGen      total 139776K, used 137048K [0x000000076b500000, 0x0000000779d80000, 0x00000007c0000000)
  eden space 129024K, 100% used [0x000000076b500000,0x0000000773300000,0x0000000773300000)
  from space 10752K, 74% used [0x0000000773300000,0x0000000773ad6218,0x0000000773d80000)
  to   space 10752K, 0% used [0x0000000779300000,0x0000000779300000,0x0000000779d80000)
 ParOldGen       total 79872K, used 5081K [0x00000006c1e00000, 0x00000006c6c00000, 0x000000076b500000)
  object space 79872K, 6% used [0x00000006c1e00000,0x00000006c22f67f0,0x00000006c6c00000)
 Metaspace       used 31208K, capacity 32986K, committed 33152K, reserved 1077248K
  class space    used 4056K, capacity 4387K, committed 4480K, reserved 1048576K
Event: 3.160 GC heap after
Heap after GC invocations=7 (full 1):
 PSYoungGen      total 227328K, used 8695K [0x000000076b500000, 0x000000077a880000, 0x00000007c0000000)
  eden space 216576K, 0% used [0x000000076b500000,0x000000076b500000,0x0000000778880000)
  from space 10752K, 80% used [0x0000000779300000,0x0000000779b7ddb0,0x0000000779d80000)
  to   space 10752K, 0% used [0x0000000778880000,0x0000000778880000,0x0000000779300000)
 ParOldGen       total 79872K, used 5089K [0x00000006c1e00000, 0x00000006c6c00000, 0x000000076b500000)
  object space 79872K, 6% used [0x00000006c1e00000,0x00000006c22f87f0,0x00000006c6c00000)
 Metaspace       used 31208K, capacity 32986K, committed 33152K, reserved 1077248K
  class space    used 4056K, capacity 4387K, committed 4480K, reserved 1048576K
}
Event: 3.529 GC heap before
{Heap before GC invocations=8 (full 1):
 PSYoungGen      total 227328K, used 46105K [0x000000076b500000, 0x000000077a880000, 0x00000007c0000000)
  eden space 216576K, 17% used [0x000000076b500000,0x000000076d988a08,0x0000000778880000)
  from space 10752K, 80% used [0x0000000779300000,0x0000000779b7ddb0,0x0000000779d80000)
  to   space 10752K, 0% used [0x0000000778880000,0x0000000778880000,0x0000000779300000)
 ParOldGen       total 79872K, used 5089K [0x00000006c1e00000, 0x00000006c6c00000, 0x000000076b500000)
  object space 79872K, 6% used [0x00000006c1e00000,0x00000006c22f87f0,0x00000006c6c00000)
 Metaspace       used 34186K, capacity 35960K, committed 36048K, reserved 1081344K
  class space    used 4412K, capacity 4760K, committed 4816K, reserved 1048576K
Event: 3.536 GC heap after
Heap after GC invocations=8 (full 1):
 PSYoungGen      total 227328K, used 9035K [0x000000076b500000, 0x000000077a880000, 0x00000007c0000000)
  eden space 216576K, 0% used [0x000000076b500000,0x000000076b500000,0x0000000778880000)
  from space 10752K, 84% used [0x0000000778880000,0x0000000779152db8,0x0000000779300000)
  to   space 10752K, 0% used [0x0000000779300000,0x0000000779300000,0x0000000779d80000)
 ParOldGen       total 79872K, used 5097K [0x00000006c1e00000, 0x00000006c6c00000, 0x000000076b500000)
  object space 79872K, 6% used [0x00000006c1e00000,0x00000006c22fa7f0,0x00000006c6c00000)
 Metaspace       used 34186K, capacity 35960K, committed 36048K, reserved 1081344K
  class space    used 4412K, capacity 4760K, committed 4816K, reserved 1048576K
}
Event: 3.536 GC heap before
{Heap before GC invocations=9 (full 2):
 PSYoungGen      total 227328K, used 9035K [0x000000076b500000, 0x000000077a880000, 0x00000007c0000000)
  eden space 216576K, 0% used [0x000000076b500000,0x000000076b500000,0x0000000778880000)
  from space 10752K, 84% used [0x0000000778880000,0x0000000779152db8,0x0000000779300000)
  to   space 10752K, 0% used [0x0000000779300000,0x0000000779300000,0x0000000779d80000)
 ParOldGen       total 79872K, used 5097K [0x00000006c1e00000, 0x00000006c6c00000, 0x000000076b500000)
  object space 79872K, 6% used [0x00000006c1e00000,0x00000006c22fa7f0,0x00000006c6c00000)
 Metaspace       used 34186K, capacity 35960K, committed 36048K, reserved 1081344K
  class space    used 4412K, capacity 4760K, committed 4816K, reserved 1048576K
Event: 3.601 GC heap after
Heap after GC invocations=9 (full 2):
 PSYoungGen      total 227328K, used 0K [0x000000076b500000, 0x000000077a880000, 0x00000007c0000000)
  eden space 216576K, 0% used [0x000000076b500000,0x000000076b500000,0x0000000778880000)
  from space 10752K, 0% used [0x0000000778880000,0x0000000778880000,0x0000000779300000)
  to   space 10752K, 0% used [0x0000000779300000,0x0000000779300000,0x0000000779d80000)
 ParOldGen       total 116736K, used 13353K [0x00000006c1e00000, 0x00000006c9000000, 0x000000076b500000)
  object space 116736K, 11% used [0x00000006c1e00000,0x00000006c2b0a678,0x00000006c9000000)
 Metaspace       used 34186K, capacity 35960K, committed 36048K, reserved 1081344K
  class space    used 4412K, capacity 4760K, committed 4816K, reserved 1048576K
}
Event: 5.020 GC heap before
{Heap before GC invocations=10 (full 2):
 PSYoungGen      total 227328K, used 216576K [0x000000076b500000, 0x000000077a880000, 0x00000007c0000000)
  eden space 216576K, 100% used [0x000000076b500000,0x0000000778880000,0x0000000778880000)
  from space 10752K, 0% used [0x0000000778880000,0x0000000778880000,0x0000000779300000)
  to   space 10752K, 0% used [0x0000000779300000,0x0000000779300000,0x0000000779d80000)
 ParOldGen       total 116736K, used 13353K [0x00000006c1e00000, 0x00000006c9000000, 0x000000076b500000)
  object space 116736K, 11% used [0x00000006c1e00000,0x00000006c2b0a678,0x00000006c9000000)
 Metaspace       used 43133K, capacity 45264K, committed 45520K, reserved 1089536K
  class space    used 5604K, capacity 6012K, committed 6096K, reserved 1048576K
Event: 5.026 GC heap after
Heap after GC invocations=10 (full 2):
 PSYoungGen      total 227328K, used 10726K [0x000000076b500000, 0x000000077a880000, 0x00000007c0000000)
  eden space 216576K, 0% used [0x000000076b500000,0x000000076b500000,0x0000000778880000)
  from space 10752K, 99% used [0x0000000779300000,0x0000000779d79830,0x0000000779d80000)
  to   space 10752K, 0% used [0x0000000778880000,0x0000000778880000,0x0000000779300000)
 ParOldGen       total 116736K, used 14038K [0x00000006c1e00000, 0x00000006c9000000, 0x000000076b500000)
  object space 116736K, 12% used [0x00000006c1e00000,0x00000006c2bb59f0,0x00000006c9000000)
 Metaspace       used 43133K, capacity 45264K, committed 45520K, reserved 1089536K
  class space    used 5604K, capacity 6012K, committed 6096K, reserved 1048576K
}
Event: 6.516 GC heap before
{Heap before GC invocations=11 (full 2):
 PSYoungGen      total 227328K, used 227302K [0x000000076b500000, 0x000000077a880000, 0x00000007c0000000)
  eden space 216576K, 100% used [0x000000076b500000,0x0000000778880000,0x0000000778880000)
  from space 10752K, 99% used [0x0000000779300000,0x0000000779d79830,0x0000000779d80000)
  to   space 10752K, 0% used [0x0000000778880000,0x0000000778880000,0x0000000779300000)
 ParOldGen       total 116736K, used 14038K [0x00000006c1e00000, 0x00000006c9000000, 0x000000076b500000)
  object space 116736K, 12% used [0x00000006c1e00000,0x00000006c2bb59f0,0x00000006c9000000)
 Metaspace       used 49046K, capacity 51808K, committed 52048K, reserved 1093632K
  class space    used 6434K, capacity 6888K, committed 6992K, reserved 1048576K
Event: 6.529 GC heap after
Heap after GC invocations=11 (full 2):
 PSYoungGen      total 227328K, used 10726K [0x000000076b500000, 0x000000077e880000, 0x00000007c0000000)
  eden space 216576K, 0% used [0x000000076b500000,0x000000076b500000,0x0000000778880000)
  from space 10752K, 99% used [0x0000000778880000,0x00000007792f9ae0,0x0000000779300000)
  to   space 15360K, 0% used [0x000000077d980000,0x000000077d980000,0x000000077e880000)
 ParOldGen       total 116736K, used 21495K [0x00000006c1e00000, 0x00000006c9000000, 0x000000076b500000)
  object space 116736K, 18% used [0x00000006c1e00000,0x00000006c32fdee8,0x00000006c9000000)
 Metaspace       used 49046K, capacity 51808K, committed 52048K, reserved 1093632K
  class space    used 6434K, capacity 6888K, committed 6992K, reserved 1048576K
}

