# JRE version: Java(TM) SE Runtime Environment (8.0_171-b11) (build 1.8.0_171-b11)
# Java VM: Java HotSpot(TM) 64-Bit Server VM (25.171-b11 mixed mode windows-amd64 compressed oops)
Heap:
 PSYoungGen      total 152064K, used 15261K [0x000000076b500000, 0x0000000777c00000, 0x00000007c0000000)
  eden space 139264K, 1% used [0x000000076b500000,0x000000076b76b228,0x0000000773d00000)
  from space 12800K, 99% used [0x0000000773d00000,0x000000077497c4c8,0x0000000774980000)
  to   space 14848K, 0% used [0x0000000776d80000,0x0000000776d80000,0x0000000777c00000)
 ParOldGen       total 170496K, used 17984K [0x00000006c1e00000, 0x00000006cc480000, 0x000000076b500000)
  object space 170496K, 10% used [0x00000006c1e00000,0x00000006c2f90280,0x00000006cc480000)
 Metaspace       used 48402K, capacity 51092K, committed 51288K, reserved 1093632K
  class space    used 6337K, capacity 6784K, committed 6784K, reserved 1048576K
GC Heap History (10 events):
Event: 3.411 GC heap before
{Heap before GC invocations=7 (full 1):
 PSYoungGen      total 104448K, used 82707K [0x000000076b500000, 0x0000000775580000, 0x00000007c0000000)
  eden space 93696K, 81% used [0x000000076b500000,0x000000076ffd1a08,0x0000000771080000)
  from space 10752K, 56% used [0x0000000771080000,0x00000007716732e0,0x0000000771b00000)
  to   space 11264K, 0% used [0x0000000774a80000,0x0000000774a80000,0x0000000775580000)
 ParOldGen       total 111104K, used 9949K [0x00000006c1e00000, 0x00000006c8a80000, 0x000000076b500000)
  object space 111104K, 8% used [0x00000006c1e00000,0x00000006c27b7790,0x00000006c8a80000)
 Metaspace       used 33549K, capacity 35282K, committed 35416K, reserved 1079296K
  class space    used 4341K, capacity 4663K, committed 4736K, reserved 1048576K
Event: 3.419 GC heap after
Heap after GC invocations=7 (full 1):
 PSYoungGen      total 150528K, used 11095K [0x000000076b500000, 0x0000000775600000, 0x00000007c0000000)
  eden space 139264K, 0% used [0x000000076b500000,0x000000076b500000,0x0000000773d00000)
  from space 11264K, 98% used [0x0000000774a80000,0x0000000775555df8,0x0000000775580000)
  to   space 12800K, 0% used [0x0000000773d00000,0x0000000773d00000,0x0000000774980000)
 ParOldGen       total 111104K, used 9957K [0x00000006c1e00000, 0x00000006c8a80000, 0x000000076b500000)
  object space 111104K, 8% used [0x00000006c1e00000,0x00000006c27b9790,0x00000006c8a80000)
 Metaspace       used 33549K, capacity 35282K, committed 35416K, reserved 1079296K
  class space    used 4341K, capacity 4663K, committed 4736K, reserved 1048576K
}
Event: 3.419 GC heap before
{Heap before GC invocations=8 (full 2):
 PSYoungGen      total 150528K, used 11095K [0x000000076b500000, 0x0000000775600000, 0x00000007c0000000)
  eden space 139264K, 0% used [0x000000076b500000,0x000000076b500000,0x0000000773d00000)
  from space 11264K, 98% used [0x0000000774a80000,0x0000000775555df8,0x0000000775580000)
  to   space 12800K, 0% used [0x0000000773d00000,0x0000000773d00000,0x0000000774980000)
 ParOldGen       total 111104K, used 9957K [0x00000006c1e00000, 0x00000006c8a80000, 0x000000076b500000)
  object space 111104K, 8% used [0x00000006c1e00000,0x00000006c27b9790,0x00000006c8a80000)
 Metaspace       used 33549K, capacity 35282K, committed 35416K, reserved 1079296K
  class space    used 4341K, capacity 4663K, committed 4736K, reserved 1048576K
Event: 3.452 GC heap after
Heap after GC invocations=8 (full 2):
 PSYoungGen      total 150528K, used 0K [0x000000076b500000, 0x0000000775600000, 0x00000007c0000000)
  eden space 139264K, 0% used [0x000000076b500000,0x000000076b500000,0x0000000773d00000)
  from space 11264K, 0% used [0x0000000774a80000,0x0000000774a80000,0x0000000775580000)
  to   space 12800K, 0% used [0x0000000773d00000,0x0000000773d00000,0x0000000774980000)
 ParOldGen       total 170496K, used 15624K [0x00000006c1e00000, 0x00000006cc480000, 0x000000076b500000)
  object space 170496K, 9% used [0x00000006c1e00000,0x00000006c2d422b0,0x00000006cc480000)
 Metaspace       used 33549K, capacity 35282K, committed 35416K, reserved 1079296K
  class space    used 4341K, capacity 4663K, committed 4736K, reserved 1048576K
}
Event: 4.442 GC heap before
{Heap before GC invocations=9 (full 2):
 PSYoungGen      total 150528K, used 139264K [0x000000076b500000, 0x0000000775600000, 0x00000007c0000000)
  eden space 139264K, 100% used [0x000000076b500000,0x0000000773d00000,0x0000000773d00000)
  from space 11264K, 0% used [0x0000000774a80000,0x0000000774a80000,0x0000000775580000)
  to   space 12800K, 0% used [0x0000000773d00000,0x0000000773d00000,0x0000000774980000)
 ParOldGen       total 170496K, used 15624K [0x00000006c1e00000, 0x00000006cc480000, 0x000000076b500000)
  object space 170496K, 9% used [0x00000006c1e00000,0x00000006c2d422b0,0x00000006cc480000)
 Metaspace       used 40566K, capacity 42516K, committed 42712K, reserved 1087488K
  class space    used 5239K, capacity 5574K, committed 5632K, reserved 1048576K
Event: 4.449 GC heap after
Heap after GC invocations=9 (full 2):
 PSYoungGen      total 152064K, used 8576K [0x000000076b500000, 0x0000000775600000, 0x00000007c0000000)
  eden space 139264K, 0% used [0x000000076b500000,0x000000076b500000,0x0000000773d00000)
  from space 12800K, 67% used [0x0000000773d00000,0x0000000774560148,0x0000000774980000)
  to   space 11264K, 0% used [0x0000000774a80000,0x0000000774a80000,0x0000000775580000)
 ParOldGen       total 170496K, used 15632K [0x00000006c1e00000, 0x00000006cc480000, 0x000000076b500000)
  object space 170496K, 9% used [0x00000006c1e00000,0x00000006c2d442b0,0x00000006cc480000)
 Metaspace       used 40566K, capacity 42516K, committed 42712K, reserved 1087488K
  class space    used 5239K, capacity 5574K, committed 5632K, reserved 1048576K
}
Event: 5.274 GC heap before
{Heap before GC invocations=10 (full 2):
 PSYoungGen      total 152064K, used 147840K [0x000000076b500000, 0x0000000775600000, 0x00000007c0000000)
  eden space 139264K, 100% used [0x000000076b500000,0x0000000773d00000,0x0000000773d00000)
  from space 12800K, 67% used [0x0000000773d00000,0x0000000774560148,0x0000000774980000)
  to   space 11264K, 0% used [0x0000000774a80000,0x0000000774a80000,0x0000000775580000)
 ParOldGen       total 170496K, used 15632K [0x00000006c1e00000, 0x00000006cc480000, 0x000000076b500000)
  object space 170496K, 9% used [0x00000006c1e00000,0x00000006c2d442b0,0x00000006cc480000)
 Metaspace       used 45985K, capacity 48202K, committed 48344K, reserved 1091584K
  class space    used 5977K, capacity 6397K, committed 6400K, reserved 1048576K
Event: 5.282 GC heap after
Heap after GC invocations=10 (full 2):
 PSYoungGen      total 150528K, used 11254K [0x000000076b500000, 0x0000000775600000, 0x00000007c0000000)
  eden space 139264K, 0% used [0x000000076b500000,0x000000076b500000,0x0000000773d00000)
  from space 11264K, 99% used [0x0000000774a80000,0x000000077557d8a0,0x0000000775580000)
  to   space 12800K, 0% used [0x0000000773d00000,0x0000000773d00000,0x0000000774980000)
 ParOldGen       total 170496K, used 16589K [0x00000006c1e00000, 0x00000006cc480000, 0x000000076b500000)
  object space 170496K, 9% used [0x00000006c1e00000,0x00000006c2e336d0,0x00000006cc480000)
 Metaspace       used 45985K, capacity 48202K, committed 48344K, reserved 1091584K
  class space    used 5977K, capacity 6397K, committed 6400K, reserved 1048576K
}
Event: 6.221 GC heap before
{Heap before GC invocations=11 (full 2):
 PSYoungGen      total 150528K, used 150518K [0x000000076b500000, 0x0000000775600000, 0x00000007c0000000)
  eden space 139264K, 100% used [0x000000076b500000,0x0000000773d00000,0x0000000773d00000)
  from space 11264K, 99% used [0x0000000774a80000,0x000000077557d8a0,0x0000000775580000)
  to   space 12800K, 0% used [0x0000000773d00000,0x0000000773d00000,0x0000000774980000)
 ParOldGen       total 170496K, used 16589K [0x00000006c1e00000, 0x00000006cc480000, 0x000000076b500000)
  object space 170496K, 9% used [0x00000006c1e00000,0x00000006c2e336d0,0x00000006cc480000)
 Metaspace       used 48398K, capacity 51092K, committed 51288K, reserved 1093632K
  class space    used 6337K, capacity 6784K, committed 6784K, reserved 1048576K
Event: 6.230 GC heap after
Heap after GC invocations=11 (full 2):
 PSYoungGen      total 152064K, used 12785K [0x000000076b500000, 0x0000000777c00000, 0x00000007c0000000)
  eden space 139264K, 0% used [0x000000076b500000,0x000000076b500000,0x0000000773d00000)
  from space 12800K, 99% used [0x0000000773d00000,0x000000077497c4c8,0x0000000774980000)
  to   space 14848K, 0% used [0x0000000776d80000,0x0000000776d80000,0x0000000777c00000)
 ParOldGen       total 170496K, used 17984K [0x00000006c1e00000, 0x00000006cc480000, 0x000000076b500000)
  object space 170496K, 10% used [0x00000006c1e00000,0x00000006c2f90280,0x00000006cc480000)
 Metaspace       used 48398K, capacity 51092K, committed 51288K, reserved 1093632K
  class space    used 6337K, capacity 6784K, committed 6784K, reserved 1048576K
}

